<?xml version="1.0" encoding="utf-8"?><testsuites name="pytest tests"><testsuite name="pytest" errors="0" failures="0" skipped="0" tests="12" time="8.019" timestamp="2026-09-23T22:30:35.960340+00:00" hostname="agent-env-0ad6a519-ff8e-4a88-9948-a21cb9405a80"><testcase classname="tests.test_gst_toggle_flow" name="test_billing_default_no_gst" time="3.172" /><testcase classname="tests.test_gst_toggle_flow" name="test_billing_gst_intra_state" time="0.099" /><testcase classname="tests.test_gst_toggle_flow" name="test_billing_gst_inter_state" time="1.178" /><testcase classname="tests.test_gst_toggle_flow" name="test_billing_pdf_non_gst[thermal]" time="0.553" /><testcase classname="tests.test_gst_toggle_flow" name="test_billing_pdf_non_gst[a4]" time="0.181" /><testcase classname="tests.test_gst_toggle_flow" name="test_billing_pdf_non_gst[a5]" time="0.162" /><testcase classname="tests.test_gst_toggle_flow" name="test_billing_pdf_gst[thermal]" time="0.169" /><testcase classname="tests.test_gst_toggle_flow" name="test_billing_pdf_gst[a4]" time="0.186" /><testcase classname="tests.test_gst_toggle_flow" name="test_billing_pdf_gst[a5]" time="0.188" /><testcase classname="tests.test_gst_toggle_flow" name="test_quotation_gst_flip_and_convert" time="0.509" /><testcase classname="tests.test_gst_toggle_flow" name="test_held_bill_with_include_gst" time="0.256" /><testcase classname="tests.test_gst_toggle_flow" name="test_regression_products_reports_settings" time="0.530" /></testsuite></testsuites>