<?xml version="1.0" encoding="utf-8"?><testsuites name="pytest tests"><testsuite name="pytest" errors="0" failures="0" skipped="0" tests="33" time="8.134" timestamp="2026-09-24T06:53:23.091829+00:00" hostname="agent-env-0ad6a519-ff8e-4a88-9948-a21cb9405a80"><testcase classname="tests.test_fullstack_smoke" name="test_public_inquiry_submit_ok" time="0.138" /><testcase classname="tests.test_fullstack_smoke" name="test_anonymous_access_denied[/api/products]" time="0.227" /><testcase classname="tests.test_fullstack_smoke" name="test_anonymous_access_denied[/api/billing]" time="0.138" /><testcase classname="tests.test_gst_toggle_flow" name="test_billing_default_no_gst" time="0.547" /><testcase classname="tests.test_fullstack_smoke" name="test_anonymous_access_denied[/api/reports/overview]" time="0.109" /><testcase classname="tests.test_gst_toggle_flow" name="test_billing_gst_intra_state" time="0.068" /><testcase classname="tests.test_gst_toggle_flow" name="test_billing_gst_inter_state" time="0.066" /><testcase classname="tests.test_fullstack_smoke" name="test_login_me_logout_flow" time="0.597" /><testcase classname="tests.test_gst_toggle_flow" name="test_billing_pdf_non_gst[thermal]" time="0.383" /><testcase classname="tests.test_gst_toggle_flow" name="test_billing_pdf_non_gst[a4]" time="0.151" /><testcase classname="tests.test_gst_toggle_flow" name="test_billing_pdf_non_gst[a5]" time="0.338" /><testcase classname="tests.test_gst_toggle_flow" name="test_billing_pdf_gst[thermal]" time="0.136" /><testcase classname="tests.test_fullstack_smoke" name="test_seeded_products_count_and_fuzzy_target" time="0.495" /><testcase classname="tests.test_gst_toggle_flow" name="test_billing_pdf_gst[a4]" time="0.140" /><testcase classname="tests.test_gst_toggle_flow" name="test_billing_pdf_gst[a5]" time="0.296" /><testcase classname="tests.test_fullstack_smoke" name="test_inventory_crud_and_adjustment_audit" time="0.719" /><testcase classname="tests.test_gst_toggle_flow" name="test_quotation_gst_flip_and_convert" time="0.653" /><testcase classname="tests.test_fullstack_smoke" name="test_inventory_csv_export_template_import_smoke" time="0.611" /><testcase classname="tests.test_gst_toggle_flow" name="test_held_bill_with_include_gst" time="0.197" /><testcase classname="tests.test_gst_toggle_flow" name="test_regression_products_reports_settings" time="0.669" /><testcase classname="tests.test_fullstack_smoke" name="test_billing_hold_create_pdf_and_persistence" time="1.111" /><testcase classname="tests.test_bills_archive_flow" name="test_create_bill_has_new_metadata" time="0.480" /><testcase classname="tests.test_bills_archive_flow" name="test_pdf_print_and_download_events" time="0.613" /><testcase classname="tests.test_fullstack_smoke" name="test_customers_credit_bill_payment_ledger" time="0.809" /><testcase classname="tests.test_bills_archive_flow" name="test_events_shared_note_validation" time="0.312" /><testcase classname="tests.test_bills_archive_flow" name="test_list_bills_paginated_object" time="0.317" /><testcase classname="tests.test_fullstack_smoke" name="test_quotation_accept_convert_once_and_pdf" time="0.747" /><testcase classname="tests.test_bills_archive_flow" name="test_list_bills_filters" time="0.878" /><testcase classname="tests.test_fullstack_smoke" name="test_reports_and_settings_print_format_roundtrip" time="1.251" /><testcase classname="tests.test_bills_archive_flow" name="test_list_bills_pagination_math" time="0.059" /><testcase classname="tests.test_bills_archive_flow" name="test_export_csv" time="0.060" /><testcase classname="tests.test_bills_archive_flow" name="test_cancel_bill_requires_reason_and_restores" time="0.843" /><testcase classname="tests.test_bills_archive_flow" name="test_convert_quote_adds_event_and_source_number" time="0.314" /></testsuite></testsuites>