<?xml version="1.0" encoding="utf-8"?><testsuites name="pytest tests"><testsuite name="pytest" errors="0" failures="0" skipped="0" tests="24" time="8.946" timestamp="2026-09-23T22:31:05.028305+00:00" hostname="agent-env-0ad6a519-ff8e-4a88-9948-a21cb9405a80"><testcase classname="tests.test_fullstack_smoke" name="test_public_inquiry_submit_ok" time="0.390" /><testcase classname="tests.test_fullstack_smoke" name="test_anonymous_access_denied[/api/products]" time="0.147" /><testcase classname="tests.test_gst_toggle_flow" name="test_billing_default_no_gst" time="0.598" /><testcase classname="tests.test_fullstack_smoke" name="test_anonymous_access_denied[/api/billing]" time="0.157" /><testcase classname="tests.test_gst_toggle_flow" name="test_billing_gst_intra_state" time="0.088" /><testcase classname="tests.test_gst_toggle_flow" name="test_billing_gst_inter_state" time="0.087" /><testcase classname="tests.test_fullstack_smoke" name="test_anonymous_access_denied[/api/reports/overview]" time="0.122" /><testcase classname="tests.test_gst_toggle_flow" name="test_billing_pdf_non_gst[thermal]" time="0.423" /><testcase classname="tests.test_fullstack_smoke" name="test_login_me_logout_flow" time="0.612" /><testcase classname="tests.test_gst_toggle_flow" name="test_billing_pdf_non_gst[a4]" time="0.208" /><testcase classname="tests.test_gst_toggle_flow" name="test_billing_pdf_non_gst[a5]" time="0.400" /><testcase classname="tests.test_gst_toggle_flow" name="test_billing_pdf_gst[thermal]" time="0.240" /><testcase classname="tests.test_fullstack_smoke" name="test_seeded_products_count_and_fuzzy_target" time="0.515" /><testcase classname="tests.test_gst_toggle_flow" name="test_billing_pdf_gst[a4]" time="0.391" /><testcase classname="tests.test_fullstack_smoke" name="test_inventory_crud_and_adjustment_audit" time="1.046" /><testcase classname="tests.test_gst_toggle_flow" name="test_billing_pdf_gst[a5]" time="0.273" /><testcase classname="tests.test_gst_toggle_flow" name="test_quotation_gst_flip_and_convert" time="0.867" /><testcase classname="tests.test_fullstack_smoke" name="test_inventory_csv_export_template_import_smoke" time="0.788" /><testcase classname="tests.test_gst_toggle_flow" name="test_held_bill_with_include_gst" time="0.356" /><testcase classname="tests.test_gst_toggle_flow" name="test_regression_products_reports_settings" time="0.812" /><testcase classname="tests.test_fullstack_smoke" name="test_billing_hold_create_pdf_and_persistence" time="1.029" /><testcase classname="tests.test_fullstack_smoke" name="test_customers_credit_bill_payment_ledger" time="0.870" /><testcase classname="tests.test_fullstack_smoke" name="test_quotation_accept_convert_once_and_pdf" time="0.944" /><testcase classname="tests.test_fullstack_smoke" name="test_reports_and_settings_print_format_roundtrip" time="1.548" /></testsuite></testsuites>